<?xml version="1.0" encoding="UTF-8"?>
<!-- Generated by org.testng.reporters.JUnitXMLReporter -->
<testsuite ignored="0" hostname="DESKTOP-C8H82DI" failures="0" tests="2" name="Test" time="17.798" errors="0" timestamp="2023-10-07T19:21:02 IST">
  <testcase classname="Practise.BrowserSettings" name="@BeforeClass open" time="17.072">
    <failure type="java.lang.NullPointerException" message="Cannot invoke &amp;quot;org.openqa.selenium.WebDriver.get(String)&amp;quot; because &amp;quot;this.driver&amp;quot; is null">
      <![CDATA[java.lang.NullPointerException: Cannot invoke "org.openqa.selenium.WebDriver.get(String)" because "this.driver" is null
at Practise.BrowserSettings.open(BrowserSettings.java:28)
at java.base/java.util.ArrayList.forEach(ArrayList.java:1511)
... Removed 25 stack frames]]>
    </failure>
  </testcase> <!-- @BeforeClass open -->
  <testcase classname="Practise.BrowserSettings" name="@AfterClass teardown" time="-1.696686662742E9">
    <skipped/>
  </testcase> <!-- @AfterClass teardown -->
  <testcase classname="Practise.BrowserSettings" name="titleVerification" time="0.0">
    <skipped/>
  </testcase> <!-- titleVerification -->
  <testcase classname="Practise.BrowserSettings" name="urlVerification" time="0.0">
    <skipped/>
  </testcase> <!-- urlVerification -->
</testsuite> <!-- Test -->
